2024-02-20T05:33:15.796Z [ERROR] {} (Error Path: /api/comments/6580dd9bff1a3481558c3633)
2024-02-20T05:25:01.513Z [ERROR] {"ok":0,"code":16410,"codeName":"Location16410"} (Error Path: /api/residences/user?userId=6580d4a2a6c1f68df64d416e)
2024-02-20T05:11:12.726Z [ERROR] {} (Error Path: /api/residences/user?userId=6580d4a2a6c1f68df64d416e)
2024-02-20T05:10:14.795Z [ERROR] {} (Error Path: /api/residences/user?userId=6580d4a2a6c1f68df64d416e)
2024-02-18T11:27:54.364Z [ERROR] {} (Error Path: /api/views)
2024-02-18T11:04:23.318Z [ERROR] {"path":"image"} (Error Path: /api/comments/6580dd9bff1a3481558c3633)
2024-02-18T11:04:15.251Z [ERROR] {"path":"photo"} (Error Path: /api/comments/6580dd9bff1a3481558c3633)
2024-02-18T11:01:08.384Z [ERROR] {"errors":{"comment":{"name":"ValidatorError","message":"Path `comment` is required.","properties":{"message":"Path `comment` is required.","type":"required","path":"comment"},"kind":"required","path":"comment"}},"_message":"Comment validation failed","name":"ValidationError","message":"Comment validation failed: comment: Path `comment` is required."} (Error Path: /api/comments)
2024-02-18T10:51:19.439Z [ERROR] {} (Error Path: /:pi/residences/user)
2024-02-18T10:51:08.364Z [ERROR] {} (Error Path: /:3030/api/residences/user)
2024-02-18T10:51:03.200Z [ERROR] {} (Error Path: /:3000/api/residences/user)
2024-02-18T10:11:52.464Z [ERROR] {"stringValue":"\"null\"","valueType":"string","kind":"ObjectId","value":"null","path":"country","reason":{},"name":"CastError","message":"Cast to ObjectId failed for value \"null\" (type string) at path \"country\" for model \"Residence\""} (Error Path: /api/residences/user?category=656184a880b6b1c2ef30998a&requestType=all&country=null&page=1)
2024-02-18T10:11:44.153Z [ERROR] {"name":"TokenExpiredError","message":"jwt expired","expiredAt":"2023-12-18T23:38:55.000Z"} (Error Path: /api/users/657d858e431e7bf69a1dab22)
2024-02-18T10:11:44.144Z [ERROR] {"stringValue":"\"null\"","valueType":"string","kind":"ObjectId","value":"null","path":"country","reason":{},"name":"CastError","message":"Cast to ObjectId failed for value \"null\" (type string) at path \"country\" for model \"Residence\""} (Error Path: /api/residences/user?category=656184a880b6b1c2ef30998a&requestType=all&country=null&page=1)
2024-02-18T10:06:00.278Z [ERROR] {"name":"TokenExpiredError","message":"jwt expired","expiredAt":"2023-10-16T16:38:02.000Z"} (Error Path: /api/residences)
2024-02-18T05:10:19.499Z [ERROR] {"errors":{"role.1":{"name":"ValidatorError","message":"`` is not a valid enum value for path `role.1`.","properties":{"message":"`` is not a valid enum value for path `role.1`.","type":"enum","enumValues":["user","host"],"path":"role.1","value":""},"kind":"enum","path":"role.1","value":""}},"_message":"Event validation failed","name":"ValidationError","message":"Event validation failed: role.1: `` is not a valid enum value for path `role.1`."} (Error Path: /api/events)
2024-02-18T04:52:51.652Z [ERROR] {} (Error Path: /favicon.ico)
2024-02-18T04:52:51.514Z [ERROR] {} (Error Path: /uploads/users/screenshot_5-1708231969744.png)
2024-02-18T04:52:32.028Z [ERROR] {} (Error Path: /api/events)
2024-02-18T04:50:32.927Z [ERROR] {} (Error Path: /api/events)
2024-02-18T04:50:23.937Z [ERROR] {} (Error Path: /api/events)
2024-02-18T04:36:42.082Z [ERROR] {} (Error Path: /api/events)
2024-02-18T04:31:36.429Z [ERROR] {"errno":-4058,"code":"ENOENT","syscall":"open","path":"D:\\Production\\Resid-plus-server\\public\\uploads\\events\\screenshot_5-1708230696426.png","storageErrors":[]} (Error Path: /api/events)
2024-02-18T04:29:24.823Z [ERROR] {"errno":-4058,"code":"ENOENT","syscall":"open","path":"D:\\Production\\Resid-plus-server\\public\\uploads\\events\\screenshot_5-1708230564820.png","storageErrors":[]} (Error Path: /api/events)
2024-02-18T04:28:48.099Z [ERROR] {"name":"TokenExpiredError","message":"jwt expired","expiredAt":"2023-10-17T16:54:54.000Z"} (Error Path: /api/events)
2024-02-18T04:24:35.865Z [ERROR] {"name":"TokenExpiredError","message":"jwt expired","expiredAt":"2023-10-17T16:54:54.000Z"} (Error Path: /api/events)
